<?xml version="1.0" encoding="UTF-8" ?>
<testsuite tests="9" failures="0" name="net.mooctest.TestFibonacciHeap" time="0.199" errors="0" skipped="0">
  <properties>
    <property name="java.runtime.name" value="Java(TM) SE Runtime Environment"/>
    <property name="sun.boot.library.path" value="D:\Program Files\Java\jdk1.8.0_181\jre\bin"/>
    <property name="java.vm.version" value="25.181-b13"/>
    <property name="java.vm.vendor" value="Oracle Corporation"/>
    <property name="maven.multiModuleProjectDirectory" value="D:\Program Files\eclipse"/>
    <property name="java.vendor.url" value="http://java.oracle.com/"/>
    <property name="path.separator" value=";"/>
    <property name="guice.disable.misplaced.annotation.check" value="true"/>
    <property name="java.vm.name" value="Java HotSpot(TM) 64-Bit Server VM"/>
    <property name="file.encoding.pkg" value="sun.io"/>
    <property name="user.script" value=""/>
    <property name="user.country" value="CN"/>
    <property name="sun.java.launcher" value="SUN_STANDARD"/>
    <property name="sun.os.patch.level" value=""/>
    <property name="java.vm.specification.name" value="Java Virtual Machine Specification"/>
    <property name="user.dir" value="D:\Program Files\eclipse"/>
    <property name="java.runtime.version" value="1.8.0_181-b13"/>
    <property name="java.awt.graphicsenv" value="sun.awt.Win32GraphicsEnvironment"/>
    <property name="java.endorsed.dirs" value="D:\Program Files\Java\jdk1.8.0_181\jre\lib\endorsed"/>
    <property name="os.arch" value="amd64"/>
    <property name="java.io.tmpdir" value="C:\Users\GaryLiu\AppData\Local\Temp\"/>
    <property name="line.separator" value="
"/>
    <property name="java.vm.specification.vendor" value="Oracle Corporation"/>
    <property name="user.variant" value=""/>
    <property name="os.name" value="Windows 10"/>
    <property name="classworlds.conf" value="D:\Program Files\apache-maven-3.5.4\bin\..\bin\m2.conf"/>
    <property name="sun.jnu.encoding" value="GBK"/>
    <property name="java.library.path" value="D:\Program Files\Java\jdk1.8.0_181\bin;C:\WINDOWS\Sun\Java\bin;C:\WINDOWS\system32;C:\WINDOWS;D:/Program Files/Java/jdk1.8.0_181/bin/../jre/bin/server;D:/Program Files/Java/jdk1.8.0_181/bin/../jre/bin;D:/Program Files/Java/jdk1.8.0_181/bin/../jre/lib/amd64;C:\Program Files (x86)\Intel\Intel(R) Management Engine Components\DAL;C:\Program Files (x86)\Intel\Intel(R) Management Engine Components\iCLS\;C:\WINDOWS\System32\OpenSSH\;C:\Program Files (x86)\NVIDIA Corporation\PhysX\Common;C:\Program Files (x86)\Microsoft Visual Studio 14.0\VC\bin;C:\Program Files (x86)\Microsoft Visual Studio 14.0\Common7\IDE;C:\Program Files\Intel\Intel(R) Management Engine Components\DAL;C:\Program Files\Intel\Intel(R) Management Engine Components\iCLS\;C:\Program Files\Common Files\Intel\WirelessCommon\;C:\Program Files\Intel\WiFi\bin\;C:\Program Files\NVIDIA Corporation\NVIDIA NvDLISR;D:\MinGW\bin;D:\Program Files (x86)\Graphviz2.38\bin;D:\Program Files (x86)\NetSarang\Xftp 6\;D:\Program Files (x86)\NetSarang\Xmanager 6\;D:\Program Files\Anaconda3;D:\Program Files\Anaconda3\Scripts;D:\Program Files\Anaconda3\Library\bin;D:\Program Files\Anaconda3\envs\Django\Scripts;D:\Program Files\Anaconda3\envs\Django\Lib\site-packages\django;D:\Program Files\Android\android-sdk\tools;D:\Program Files\Android\android-sdk\platform-tools;D:\Program Files\apache-maven-3.5.4\bin;D:\Program Files\Apache Software Foundation\Tomcat 8.5\bin;D:\Program Files\Apache Software Foundation\Tomcat 8.5\lib;D:\Program Files\CMake\bin;D:\Program Files\Git\bin;D:\Program Files\Git\cmd;D:\Program Files\ImageMagick-7.0.8-Q16;D:\Program Files\Java\jdk1.8.0_181\bin;D:\Program Files\mysql-8.0.12-winx64\bin;D:\Program Files\MATLAB\R2018b\bin;D:\Program Files\MATLAB\R2018b\runtime\win64;D:\Program Files\nodejs\;D:\Program Files\SumatraPDF;D:\Program Files\xshell\;C:\Program Files\NVIDIA GPU Computing Toolkit\CUDA\v10.1\bin;C:\Program Files\NVIDIA GPU Computing Toolkit\CUDA\v10.1\libnvvp;C:\WINDOWS;C:\WINDOWS\system32;C:\WINDOWS\System32\Wbem;C:\WINDOWS\System32\WindowsPowerShell\v1.0\;;C:\Program Files\Microsoft VS Code\bin;C:\Users\GaryLiu\AppData\Roaming\npm;C:\Program Files\Microsoft VS Code\bin;D:\Program Files\Anaconda3;D:\Program Files\Anaconda3\Scripts;D:\Program Files\Anaconda3\Library\bin;D:\Program Files\Anaconda3\Library\usr\bin;D:\Program Files\Anaconda3\Library\mingw-w64\bin;D:\Program Files\texlive\2019\bin\win32;C:\Users\GaryLiu\AppData\Local\Microsoft\WindowsApps;C:\Program Files\JetBrains\PyCharm 2018.3.2\bin;;C:\Program Files\JetBrains\IntelliJ IDEA 2019.1\bin;;;D:\Program Files\eclipse;;."/>
    <property name="maven.conf" value="D:\Program Files\apache-maven-3.5.4\bin\../conf"/>
    <property name="java.specification.name" value="Java Platform API Specification"/>
    <property name="java.class.version" value="52.0"/>
    <property name="sun.management.compiler" value="HotSpot 64-Bit Tiered Compilers"/>
    <property name="os.version" value="10.0"/>
    <property name="library.jansi.path" value="D:\Program Files\apache-maven-3.5.4\bin\..\lib\jansi-native"/>
    <property name="user.home" value="C:\Users\GaryLiu"/>
    <property name="user.timezone" value="Asia/Shanghai"/>
    <property name="java.awt.printerjob" value="sun.awt.windows.WPrinterJob"/>
    <property name="java.specification.version" value="1.8"/>
    <property name="file.encoding" value="GBK"/>
    <property name="user.name" value="GaryLiu"/>
    <property name="java.class.path" value="D:\Program Files\apache-maven-3.5.4\bin\..\boot\plexus-classworlds-2.5.2.jar"/>
    <property name="java.vm.specification.version" value="1.8"/>
    <property name="sun.arch.data.model" value="64"/>
    <property name="java.home" value="D:\Program Files\Java\jdk1.8.0_181\jre"/>
    <property name="sun.java.command" value="org.codehaus.plexus.classworlds.launcher.Launcher -file C:/mooctest/projects/3933/43932/Tarjan -s C:/mooctest/projects/3933/43932/Tarjan\.mvn\settings.xml test cn.edu.nju:mcnode-maven-plugin:result"/>
    <property name="java.specification.vendor" value="Oracle Corporation"/>
    <property name="user.language" value="zh"/>
    <property name="awt.toolkit" value="sun.awt.windows.WToolkit"/>
    <property name="java.vm.info" value="mixed mode"/>
    <property name="java.version" value="1.8.0_181"/>
    <property name="java.ext.dirs" value="D:\Program Files\Java\jdk1.8.0_181\jre\lib\ext;C:\WINDOWS\Sun\Java\lib\ext"/>
    <property name="sun.boot.class.path" value="D:\Program Files\Java\jdk1.8.0_181\jre\lib\resources.jar;D:\Program Files\Java\jdk1.8.0_181\jre\lib\rt.jar;D:\Program Files\Java\jdk1.8.0_181\jre\lib\sunrsasign.jar;D:\Program Files\Java\jdk1.8.0_181\jre\lib\jsse.jar;D:\Program Files\Java\jdk1.8.0_181\jre\lib\jce.jar;D:\Program Files\Java\jdk1.8.0_181\jre\lib\charsets.jar;D:\Program Files\Java\jdk1.8.0_181\jre\lib\jfr.jar;D:\Program Files\Java\jdk1.8.0_181\jre\classes"/>
    <property name="java.vendor" value="Oracle Corporation"/>
    <property name="maven.home" value="D:\Program Files\apache-maven-3.5.4\bin\.."/>
    <property name="file.separator" value="\"/>
    <property name="java.vendor.url.bug" value="http://bugreport.sun.com/bugreport/"/>
    <property name="sun.cpu.endian" value="little"/>
    <property name="sun.io.unicode.encoding" value="UnicodeLittle"/>
    <property name="sun.desktop" value="windows"/>
    <property name="sun.cpu.isalist" value="amd64"/>
  </properties>
  <testcase classname="net.mooctest.TestFibonacciHeap" name="test_Correctness" time="0.023"/>
  <testcase classname="net.mooctest.TestFibonacciHeap" name="test03" time="0.001"/>
  <testcase classname="net.mooctest.TestFibonacciHeap" name="test_Duplicates" time="0.006"/>
  <testcase classname="net.mooctest.TestFibonacciHeap" name="test_MinComparison" time="0.005"/>
  <testcase classname="net.mooctest.TestFibonacciHeap" name="test_Duplicates_Smaller" time="0"/>
  <testcase classname="net.mooctest.TestFibonacciHeap" name="test" time="0.006"/>
  <testcase classname="net.mooctest.TestFibonacciHeap" name="test_InsertRemoveMin" time="0.158"/>
  <testcase classname="net.mooctest.TestFibonacciHeap" name="test_Duplicates_Larger" time="0"/>
  <testcase classname="net.mooctest.TestFibonacciHeap" name="test_Union" time="0"/>
</testsuite>