<?xml version="1.0" encoding="UTF-8" ?>
<testsuite tests="1" failures="0" name="net.mooctest.TestFibonacciHeap" time="0.108" errors="0" skipped="0">
  <properties>
    <property name="java.runtime.name" value="Java(TM) SE Runtime Environment"/>
    <property name="java.vm.version" value="10.0.2+13"/>
    <property name="sun.boot.library.path" value="D:\JavaSE\bin"/>
    <property name="maven.multiModuleProjectDirectory" value="D:\softTest"/>
    <property name="java.vm.vendor" value="&quot;Oracle Corporation&quot;"/>
    <property name="java.vendor.url" value="http://java.oracle.com/"/>
    <property name="guice.disable.misplaced.annotation.check" value="true"/>
    <property name="path.separator" value=";"/>
    <property name="java.vm.name" value="Java HotSpot(TM) 64-Bit Server VM"/>
    <property name="file.encoding.pkg" value="sun.io"/>
    <property name="sun.os.patch.level" value=""/>
    <property name="user.script" value=""/>
    <property name="user.country" value="CN"/>
    <property name="sun.java.launcher" value="SUN_STANDARD"/>
    <property name="java.vm.specification.name" value="Java Virtual Machine Specification"/>
    <property name="user.dir" value="D:\softTest"/>
    <property name="java.vm.compressedOopsMode" value="32-bit"/>
    <property name="java.runtime.version" value="10.0.2+13"/>
    <property name="java.awt.graphicsenv" value="sun.awt.Win32GraphicsEnvironment"/>
    <property name="os.arch" value="amd64"/>
    <property name="java.io.tmpdir" value="C:\Users\46933\AppData\Local\Temp\"/>
    <property name="line.separator" value="
"/>
    <property name="java.vm.specification.vendor" value="Oracle Corporation"/>
    <property name="user.variant" value=""/>
    <property name="os.name" value="Windows 10"/>
    <property name="classworlds.conf" value="D:\Maven\apache-maven-3.6.2\bin\..\bin\m2.conf"/>
    <property name="sun.jnu.encoding" value="GBK"/>
    <property name="java.library.path" value="D:\JavaSE\bin;C:\WINDOWS\Sun\Java\bin;C:\WINDOWS\system32;C:\WINDOWS;D:/JavaSE/bin/server;D:/JavaSE/bin;C:\Program Files (x86)\NVIDIA Corporation\PhysX\Common;D:\xshell\;D:\JavaSE\bin;D:\JavaSE\jre\bin;C:\Program Files\Microsoft VS Code\bin;D:\MATLAB\runtime\win64;D:\MATLAB\bin;D:\应用软件\UML 绘图工具\安装地址\common;D:\大数据\spar-2.4.1-bin-hadoop2.7\bin;D:\大数据\spark-2.4.1-bin-hadoop2.7\sbin;D:大数据\scala\bin;D:大数据\spark-2.4.1-bin-hadoop2.7;D:大数据\spark-2.4.1-bin-hadoop2.7\jars;%SstemRoot%\system32;C:\WINDOWS\System32\Wbem;C:\Windows\SysWOW64;D:\大数据\hadoop-2.7.7-src\bin;C:\WINDOWS;C:\Program Files\MySQL\MySQL Server 5.5\bin;D:\学习\数学建模\Lingo\;D:\Anconda3;D:\Anaconda3\Scripts;D:\Anaconda3\Library\bin;D:\Nodejs\;D:\Git\cmd;C:\WINDOWS\system32;C:\WINDOWS\System32\WindowsPowerShell\v1.0\;C:\WINDOWS\System32\OpenSSH\;D:\Maven\apache-maven-3.6.2\bin;D:\python3\Scripts\;D:\python3\;C:\Users\46933\AppData\Local\Microsoft\WindowsApps;C:\Users\46933\AppData\Local\GitHubDesktop\bin;D:\Inter idea\IntelliJ IDEA 2018.3.4\bin;;C:\Users\46933\AppData\Roaming\npm;D:\应用软件\Latex\texlive\2019\bin\win32;D:\应用软件\docker\Docker Toolbox;;C:\Users\46933\AppData\Local\Microsoft\WindowsApps;D:\softTest;;."/>
    <property name="maven.conf" value="D:\Maven\apache-maven-3.6.2\bin\../conf"/>
    <property name="jdk.debug" value="release"/>
    <property name="java.class.version" value="54.0"/>
    <property name="java.specification.name" value="Java Platform API Specification"/>
    <property name="sun.management.compiler" value="HotSpot 64-Bit Tiered Compilers"/>
    <property name="os.version" value="10.0"/>
    <property name="library.jansi.path" value="D:\Maven\apache-maven-3.6.2\bin\..\lib\jansi-native"/>
    <property name="user.home" value="C:\Users\46933"/>
    <property name="user.timezone" value="Asia/Shanghai"/>
    <property name="java.awt.printerjob" value="sun.awt.windows.WPrinterJob"/>
    <property name="file.encoding" value="GBK"/>
    <property name="java.specification.version" value="10"/>
    <property name="user.name" value="46933"/>
    <property name="java.class.path" value="D:\Maven\apache-maven-3.6.2\bin\..\boot\plexus-classworlds-2.6.0.jar"/>
    <property name="java.vm.specification.version" value="10"/>
    <property name="sun.arch.data.model" value="64"/>
    <property name="sun.java.command" value="org.codehaus.plexus.classworlds.launcher.Launcher -file C:/mooctest/projects/3933/44441/Tarjan -s C:/mooctest/projects/3933/44441/Tarjan\.mvn\settings.xml test cn.edu.nju:mcnode-maven-plugin:result"/>
    <property name="java.home" value="D:\JavaSE"/>
    <property name="user.language" value="zh"/>
    <property name="java.specification.vendor" value="Oracle Corporation"/>
    <property name="awt.toolkit" value="sun.awt.windows.WToolkit"/>
    <property name="java.vm.info" value="mixed mode"/>
    <property name="java.version" value="10.0.2"/>
    <property name="java.vendor" value="Oracle Corporation"/>
    <property name="maven.home" value="D:\Maven\apache-maven-3.6.2\bin\.."/>
    <property name="file.separator" value="\"/>
    <property name="java.version.date" value="2018-07-17"/>
    <property name="java.vendor.url.bug" value="http://bugreport.java.com/bugreport/"/>
    <property name="sun.io.unicode.encoding" value="UnicodeLittle"/>
    <property name="sun.cpu.endian" value="little"/>
    <property name="java.vendor.version" value="18.3"/>
    <property name="sun.desktop" value="windows"/>
    <property name="sun.cpu.isalist" value="amd64"/>
  </properties>
  <testcase classname="net.mooctest.TestFibonacciHeap" name="test" time="0.108"/>
</testsuite>