<?xml version="1.0" encoding="UTF-8" ?>
<testsuite tests="14" failures="0" name="net.mooctest.TestFibonacciHeap" time="0.152" errors="0" skipped="0">
  <properties>
    <property name="java.runtime.name" value="Java(TM) SE Runtime Environment"/>
    <property name="sun.boot.library.path" value="I:\code\env\jdk1.8.0_171\jre\bin"/>
    <property name="java.vm.version" value="25.171-b11"/>
    <property name="java.vm.vendor" value="Oracle Corporation"/>
    <property name="maven.multiModuleProjectDirectory" value="I:\code\tools\Eclipse"/>
    <property name="java.vendor.url" value="http://java.oracle.com/"/>
    <property name="path.separator" value=";"/>
    <property name="guice.disable.misplaced.annotation.check" value="true"/>
    <property name="java.vm.name" value="Java HotSpot(TM) 64-Bit Server VM"/>
    <property name="file.encoding.pkg" value="sun.io"/>
    <property name="user.script" value=""/>
    <property name="user.country" value="CN"/>
    <property name="sun.java.launcher" value="SUN_STANDARD"/>
    <property name="sun.os.patch.level" value=""/>
    <property name="java.vm.specification.name" value="Java Virtual Machine Specification"/>
    <property name="user.dir" value="I:\code\tools\Eclipse"/>
    <property name="java.runtime.version" value="1.8.0_171-b11"/>
    <property name="java.awt.graphicsenv" value="sun.awt.Win32GraphicsEnvironment"/>
    <property name="java.endorsed.dirs" value="I:\code\env\jdk1.8.0_171\jre\lib\endorsed"/>
    <property name="os.arch" value="amd64"/>
    <property name="java.io.tmpdir" value="C:\Users\Administrator\AppData\Local\Temp\"/>
    <property name="line.separator" value="
"/>
    <property name="java.vm.specification.vendor" value="Oracle Corporation"/>
    <property name="user.variant" value=""/>
    <property name="os.name" value="Windows 10"/>
    <property name="classworlds.conf" value="G:\JavaWeb\apache-maven-3.5.4\bin\..\bin\m2.conf"/>
    <property name="sun.jnu.encoding" value="GBK"/>
    <property name="java.library.path" value="I:\code\env\jdk1.8.0_171\bin;C:\windows\Sun\Java\bin;C:\windows\system32;C:\windows;I:/code/env/jdk1.8.0_171/bin/../jre/bin/server;I:/code/env/jdk1.8.0_171/bin/../jre/bin;I:/code/env/jdk1.8.0_171/bin/../jre/lib/amd64;C:\ProgramData\DockerDesktop\version-bin;C:\Program Files\Docker\Docker\Resources\bin;I:\code\tools\Linux\Xftp6\;I:\code\tools\Linux\Xshell6\;C:\windows\system32;C:\windows;C:\windows\System32\Wbem;C:\windows\System32\WindowsPowerShell\v1.0\;I:\code\env\Git\cmd;I:\code\env\mysql-8.0.16-winx64\bin;G:\node\;I:\code\env\jdk1.8.0_171\bin;C:\Users\Administrator\AppData\Local\Programs\Python;C:\Users\Administrator\AppData\Local\Programs\Python\Python37\Scripts;G:\JavaWeb\apache-maven-3.5.4\bin;C:\Users\Administrator\AppData\Local\Microsoft\WindowsApps;C:\Users\Administrator\AppData\Roaming\npm;C:\Users\Administrator\AppData\Local\Programs\Microsoft VS Code\bin;I:\code\tools\Eclipse;;."/>
    <property name="maven.conf" value="G:\JavaWeb\apache-maven-3.5.4\bin\../conf"/>
    <property name="java.specification.name" value="Java Platform API Specification"/>
    <property name="java.class.version" value="52.0"/>
    <property name="sun.management.compiler" value="HotSpot 64-Bit Tiered Compilers"/>
    <property name="os.version" value="10.0"/>
    <property name="library.jansi.path" value="G:\JavaWeb\apache-maven-3.5.4\bin\..\lib\jansi-native"/>
    <property name="user.home" value="C:\Users\Administrator"/>
    <property name="user.timezone" value="Asia/Shanghai"/>
    <property name="java.awt.printerjob" value="sun.awt.windows.WPrinterJob"/>
    <property name="java.specification.version" value="1.8"/>
    <property name="file.encoding" value="GBK"/>
    <property name="user.name" value="Administrator"/>
    <property name="java.class.path" value="G:\JavaWeb\apache-maven-3.5.4\bin\..\boot\plexus-classworlds-2.5.2.jar"/>
    <property name="java.vm.specification.version" value="1.8"/>
    <property name="sun.arch.data.model" value="64"/>
    <property name="java.home" value="I:\code\env\jdk1.8.0_171\jre"/>
    <property name="sun.java.command" value="org.codehaus.plexus.classworlds.launcher.Launcher -file C:/mooctest/projects/3933/43509/Tarjan -s C:/mooctest/projects/3933/43509/Tarjan\.mvn\settings.xml test cn.edu.nju:mcnode-maven-plugin:result"/>
    <property name="java.specification.vendor" value="Oracle Corporation"/>
    <property name="user.language" value="zh"/>
    <property name="awt.toolkit" value="sun.awt.windows.WToolkit"/>
    <property name="java.vm.info" value="mixed mode"/>
    <property name="java.version" value="1.8.0_171"/>
    <property name="java.ext.dirs" value="I:\code\env\jdk1.8.0_171\jre\lib\ext;C:\windows\Sun\Java\lib\ext"/>
    <property name="sun.boot.class.path" value="I:\code\env\jdk1.8.0_171\jre\lib\resources.jar;I:\code\env\jdk1.8.0_171\jre\lib\rt.jar;I:\code\env\jdk1.8.0_171\jre\lib\sunrsasign.jar;I:\code\env\jdk1.8.0_171\jre\lib\jsse.jar;I:\code\env\jdk1.8.0_171\jre\lib\jce.jar;I:\code\env\jdk1.8.0_171\jre\lib\charsets.jar;I:\code\env\jdk1.8.0_171\jre\lib\jfr.jar;I:\code\env\jdk1.8.0_171\jre\classes"/>
    <property name="java.vendor" value="Oracle Corporation"/>
    <property name="maven.home" value="G:\JavaWeb\apache-maven-3.5.4\bin\.."/>
    <property name="file.separator" value="\"/>
    <property name="java.vendor.url.bug" value="http://bugreport.sun.com/bugreport/"/>
    <property name="sun.cpu.endian" value="little"/>
    <property name="sun.io.unicode.encoding" value="UnicodeLittle"/>
    <property name="sun.desktop" value="windows"/>
    <property name="sun.cpu.isalist" value="amd64"/>
  </properties>
  <testcase classname="net.mooctest.TestFibonacciHeap" name="test10" time="0.027"/>
  <testcase classname="net.mooctest.TestFibonacciHeap" name="test11" time="0"/>
  <testcase classname="net.mooctest.TestFibonacciHeap" name="test12" time="0.016"/>
  <testcase classname="net.mooctest.TestFibonacciHeap" name="test13" time="0.044"/>
  <testcase classname="net.mooctest.TestFibonacciHeap" name="test" time="0"/>
  <testcase classname="net.mooctest.TestFibonacciHeap" name="test1" time="0.041"/>
  <testcase classname="net.mooctest.TestFibonacciHeap" name="test2" time="0"/>
  <testcase classname="net.mooctest.TestFibonacciHeap" name="test3" time="0.001"/>
  <testcase classname="net.mooctest.TestFibonacciHeap" name="test4" time="0.017"/>
  <testcase classname="net.mooctest.TestFibonacciHeap" name="test5" time="0.001"/>
  <testcase classname="net.mooctest.TestFibonacciHeap" name="test6" time="0.001"/>
  <testcase classname="net.mooctest.TestFibonacciHeap" name="test7" time="0.001"/>
  <testcase classname="net.mooctest.TestFibonacciHeap" name="test8" time="0.002"/>
  <testcase classname="net.mooctest.TestFibonacciHeap" name="test9" time="0.001"/>
</testsuite>