<?xml version="1.0" encoding="UTF-8" ?>
<testsuite tests="100" failures="0" name="net.mooctest.TestFibonacciHeap" time="0.166" errors="0" skipped="0">
  <properties>
    <property name="java.runtime.name" value="Java(TM) SE Runtime Environment"/>
    <property name="sun.boot.library.path" value="E:\JDK1.8.0_201\jre\bin"/>
    <property name="java.vm.version" value="25.201-b09"/>
    <property name="java.vm.vendor" value="Oracle Corporation"/>
    <property name="maven.multiModuleProjectDirectory" value="E:\eclipse_mooctest"/>
    <property name="java.vendor.url" value="http://java.oracle.com/"/>
    <property name="path.separator" value=";"/>
    <property name="guice.disable.misplaced.annotation.check" value="true"/>
    <property name="java.vm.name" value="Java HotSpot(TM) 64-Bit Server VM"/>
    <property name="file.encoding.pkg" value="sun.io"/>
    <property name="user.script" value=""/>
    <property name="user.country" value="CN"/>
    <property name="sun.java.launcher" value="SUN_STANDARD"/>
    <property name="sun.os.patch.level" value=""/>
    <property name="java.vm.specification.name" value="Java Virtual Machine Specification"/>
    <property name="user.dir" value="E:\eclipse_mooctest"/>
    <property name="java.runtime.version" value="1.8.0_201-b09"/>
    <property name="java.awt.graphicsenv" value="sun.awt.Win32GraphicsEnvironment"/>
    <property name="java.endorsed.dirs" value="E:\JDK1.8.0_201\jre\lib\endorsed"/>
    <property name="os.arch" value="amd64"/>
    <property name="java.io.tmpdir" value="C:\Users\Elliot\AppData\Local\Temp\"/>
    <property name="line.separator" value="
"/>
    <property name="java.vm.specification.vendor" value="Oracle Corporation"/>
    <property name="user.variant" value=""/>
    <property name="os.name" value="Windows 10"/>
    <property name="classworlds.conf" value="E:\Maven\apache-maven-3.6.2\bin\..\bin\m2.conf"/>
    <property name="sun.jnu.encoding" value="GBK"/>
    <property name="java.library.path" value="E:\JDK1.8.0_201\bin;C:\WINDOWS\Sun\Java\bin;C:\WINDOWS\system32;C:\WINDOWS;C:/Program Files/Java/jre1.8.0_211/bin/server;C:/Program Files/Java/jre1.8.0_211/bin;C:/Program Files/Java/jre1.8.0_211/lib/amd64;E:\Xshell6\;C:\Program Files (x86)\Common Files\Oracle\Java\javapath;C:\Program Files (x86)\Intel\iCLS Client\;C:\Program Files\Intel\iCLS Client\;C:\Windows\system32;C:\Windows;C:\Windows\System32\Wbem;C:\Windows\System32\WindowsPowerShell\v1.0\;C:\Program Files (x86)\Intel\Intel(R) Management Engine Components\DAL;C:\Program Files\Intel\Intel(R) Management Engine Components\DAL;C:\Program Files (x86)\Intel\Intel(R) Management Engine Components\IPT;C:\Program Files\Intel\Intel(R) Management Engine Components\IPT;C:\Program Files (x86)\NVIDIA Corporation\PhysX\Common;C:\WINDOWS\system32;C:\WINDOWS;C:\WINDOWS\System32\Wbem;C:\WINDOWS\System32\WindowsPowerShell\v1.0\;E:\Python;C:\Program Files\Microsoft\Web Platform Installer\;C:\Program Files (x86)\Microsoft ASP.NET\ASP.NET Web Pages\v1.0\;C:\Program Files\Microsoft SQL Server\110\Tools\Binn\;E:\Python\Scripts;E:\Go\bin;E:\Sublime_Text3\Sublime Text 3;E:\Git\Git\cmd;C:\WINDOWS\System32\OpenSSH\;C:\Program Files\Intel\WiFi\bin\;C:\Program Files\Common Files\Intel\WirelessCommon\;E:\Maven\apache-maven-3.6.2\bin;E:\Mysql8.0.17\mysql-8.0.17-winx64\bin;C:\Program Files\MySQL\MySQL Utilities 1.6\;E:\chromedriver2.45;E:\JDK1.8.0_201\bin\;E:\JDK1.8.0_201\jre\bin\;C:\Program Files\MySQL\MySQL Shell 8.0\bin\;E:\eclipse_mooctest;;."/>
    <property name="maven.conf" value="E:\Maven\apache-maven-3.6.2\bin\../conf"/>
    <property name="java.specification.name" value="Java Platform API Specification"/>
    <property name="java.class.version" value="52.0"/>
    <property name="sun.management.compiler" value="HotSpot 64-Bit Tiered Compilers"/>
    <property name="os.version" value="10.0"/>
    <property name="library.jansi.path" value="E:\Maven\apache-maven-3.6.2\bin\..\lib\jansi-native"/>
    <property name="user.home" value="C:\Users\Elliot"/>
    <property name="user.timezone" value="Asia/Shanghai"/>
    <property name="java.awt.printerjob" value="sun.awt.windows.WPrinterJob"/>
    <property name="java.specification.version" value="1.8"/>
    <property name="file.encoding" value="GBK"/>
    <property name="user.name" value="Elliot"/>
    <property name="java.class.path" value="E:\Maven\apache-maven-3.6.2\bin\..\boot\plexus-classworlds-2.6.0.jar"/>
    <property name="java.vm.specification.version" value="1.8"/>
    <property name="sun.arch.data.model" value="64"/>
    <property name="java.home" value="E:\JDK1.8.0_201\jre"/>
    <property name="sun.java.command" value="org.codehaus.plexus.classworlds.launcher.Launcher -file C:/mooctest/projects/3933/55900/Tarjan -s C:/mooctest/projects/3933/55900/Tarjan\.mvn\settings.xml test cn.edu.nju:mcnode-maven-plugin:result"/>
    <property name="java.specification.vendor" value="Oracle Corporation"/>
    <property name="user.language" value="zh"/>
    <property name="awt.toolkit" value="sun.awt.windows.WToolkit"/>
    <property name="java.vm.info" value="mixed mode"/>
    <property name="java.version" value="1.8.0_201"/>
    <property name="java.ext.dirs" value="E:\JDK1.8.0_201\jre\lib\ext;C:\WINDOWS\Sun\Java\lib\ext"/>
    <property name="sun.boot.class.path" value="E:\JDK1.8.0_201\jre\lib\resources.jar;E:\JDK1.8.0_201\jre\lib\rt.jar;E:\JDK1.8.0_201\jre\lib\sunrsasign.jar;E:\JDK1.8.0_201\jre\lib\jsse.jar;E:\JDK1.8.0_201\jre\lib\jce.jar;E:\JDK1.8.0_201\jre\lib\charsets.jar;E:\JDK1.8.0_201\jre\lib\jfr.jar;E:\JDK1.8.0_201\jre\classes"/>
    <property name="java.vendor" value="Oracle Corporation"/>
    <property name="maven.home" value="E:\Maven\apache-maven-3.6.2\bin\.."/>
    <property name="file.separator" value="\"/>
    <property name="java.vendor.url.bug" value="http://bugreport.sun.com/bugreport/"/>
    <property name="sun.cpu.endian" value="little"/>
    <property name="sun.io.unicode.encoding" value="UnicodeLittle"/>
    <property name="sun.desktop" value="windows"/>
    <property name="sun.cpu.isalist" value="amd64"/>
  </properties>
  <testcase classname="net.mooctest.TestFibonacciHeap" name="test_Edge00" time="0.02"/>
  <testcase classname="net.mooctest.TestFibonacciHeap" name="test_Edge01" time="0.02"/>
  <testcase classname="net.mooctest.TestFibonacciHeap" name="test_Edge02" time="0"/>
  <testcase classname="net.mooctest.TestFibonacciHeap" name="test_Edge03" time="0.003"/>
  <testcase classname="net.mooctest.TestFibonacciHeap" name="test_Edge04" time="0"/>
  <testcase classname="net.mooctest.TestFibonacciHeap" name="test_Edge05" time="0.018"/>
  <testcase classname="net.mooctest.TestFibonacciHeap" name="test_Edge06" time="0.001"/>
  <testcase classname="net.mooctest.TestFibonacciHeap" name="test_Edge07" time="0"/>
  <testcase classname="net.mooctest.TestFibonacciHeap" name="test_Edge08" time="0"/>
  <testcase classname="net.mooctest.TestFibonacciHeap" name="test_Edge09" time="0.001"/>
  <testcase classname="net.mooctest.TestFibonacciHeap" name="test_Edge10" time="0"/>
  <testcase classname="net.mooctest.TestFibonacciHeap" name="test_Edge11" time="0"/>
  <testcase classname="net.mooctest.TestFibonacciHeap" name="test_Edge12" time="0.001"/>
  <testcase classname="net.mooctest.TestFibonacciHeap" name="test_Edge13" time="0"/>
  <testcase classname="net.mooctest.TestFibonacciHeap" name="test_Edge14" time="0.001"/>
  <testcase classname="net.mooctest.TestFibonacciHeap" name="test_Edge15" time="0"/>
  <testcase classname="net.mooctest.TestFibonacciHeap" name="test_Edge16" time="0.001"/>
  <testcase classname="net.mooctest.TestFibonacciHeap" name="test_Edge17" time="0"/>
  <testcase classname="net.mooctest.TestFibonacciHeap" name="test_Edge18" time="0.001"/>
  <testcase classname="net.mooctest.TestFibonacciHeap" name="test_Edge19" time="0"/>
  <testcase classname="net.mooctest.TestFibonacciHeap" name="test_Edge20" time="0"/>
  <testcase classname="net.mooctest.TestFibonacciHeap" name="test_Edge21" time="0.001"/>
  <testcase classname="net.mooctest.TestFibonacciHeap" name="test_Edge22" time="0"/>
  <testcase classname="net.mooctest.TestFibonacciHeap" name="test_Edge23" time="0.001"/>
  <testcase classname="net.mooctest.TestFibonacciHeap" name="test_FibonacciHeap03" time="0.01"/>
  <testcase classname="net.mooctest.TestFibonacciHeap" name="test_FibonacciHeap05" time="0"/>
  <testcase classname="net.mooctest.TestFibonacciHeap" name="test_FibonacciHeap07" time="0.001"/>
  <testcase classname="net.mooctest.TestFibonacciHeap" name="test_FibonacciHeap08" time="0"/>
  <testcase classname="net.mooctest.TestFibonacciHeap" name="test_FibonacciHeap13" time="0.001"/>
  <testcase classname="net.mooctest.TestFibonacciHeap" name="test_FibonacciHeap18" time="0"/>
  <testcase classname="net.mooctest.TestFibonacciHeap" name="test_ChuLiuEdmonds00" time="0.006"/>
  <testcase classname="net.mooctest.TestFibonacciHeap" name="test_ChuLiuEdmonds04" time="0.016"/>
  <testcase classname="net.mooctest.TestFibonacciHeap" name="test_ChuLiuEdmonds05" time="0.015"/>
  <testcase classname="net.mooctest.TestFibonacciHeap" name="test_ChuLiuEdmonds06" time="0"/>
  <testcase classname="net.mooctest.TestFibonacciHeap" name="test_ChuLiuEdmonds08" time="0"/>
  <testcase classname="net.mooctest.TestFibonacciHeap" name="test_ChuLiuEdmonds09" time="0"/>
  <testcase classname="net.mooctest.TestFibonacciHeap" name="test_ChuLiuEdmonds10" time="0.016"/>
  <testcase classname="net.mooctest.TestFibonacciHeap" name="test_ChuLiuEdmonds11" time="0"/>
  <testcase classname="net.mooctest.TestFibonacciHeap" name="test_ChuLiuEdmonds13" time="0"/>
  <testcase classname="net.mooctest.TestFibonacciHeap" name="test_ChuLiuEdmonds14" time="0"/>
  <testcase classname="net.mooctest.TestFibonacciHeap" name="test_Weighted00" time="0"/>
  <testcase classname="net.mooctest.TestFibonacciHeap" name="test_Weighted01" time="0"/>
  <testcase classname="net.mooctest.TestFibonacciHeap" name="test_Weighted02" time="0"/>
  <testcase classname="net.mooctest.TestFibonacciHeap" name="test_Weighted03" time="0"/>
  <testcase classname="net.mooctest.TestFibonacciHeap" name="test_Weighted04" time="0"/>
  <testcase classname="net.mooctest.TestFibonacciHeap" name="test_Weighted05" time="0"/>
  <testcase classname="net.mooctest.TestFibonacciHeap" name="test_Weighted06" time="0"/>
  <testcase classname="net.mooctest.TestFibonacciHeap" name="test_Weighted07" time="0"/>
  <testcase classname="net.mooctest.TestFibonacciHeap" name="test_Weighted08" time="0"/>
  <testcase classname="net.mooctest.TestFibonacciHeap" name="test_Weighted09" time="0"/>
  <testcase classname="net.mooctest.TestFibonacciHeap" name="test_Weighted10" time="0"/>
  <testcase classname="net.mooctest.TestFibonacciHeap" name="test_Weighted11" time="0"/>
  <testcase classname="net.mooctest.TestFibonacciHeap" name="test_DenseWeightedGraph00" time="0"/>
  <testcase classname="net.mooctest.TestFibonacciHeap" name="test_DenseWeightedGraph01" time="0"/>
  <testcase classname="net.mooctest.TestFibonacciHeap" name="test_DenseWeightedGraph02" time="0"/>
  <testcase classname="net.mooctest.TestFibonacciHeap" name="test_DenseWeightedGraph03" time="0"/>
  <testcase classname="net.mooctest.TestFibonacciHeap" name="test_DenseWeightedGraph04" time="0"/>
  <testcase classname="net.mooctest.TestFibonacciHeap" name="test_DenseWeightedGraph05" time="0"/>
  <testcase classname="net.mooctest.TestFibonacciHeap" name="test_DenseWeightedGraph06" time="0"/>
  <testcase classname="net.mooctest.TestFibonacciHeap" name="test_DenseWeightedGraph07" time="0"/>
  <testcase classname="net.mooctest.TestFibonacciHeap" name="test_DenseWeightedGraph08" time="0"/>
  <testcase classname="net.mooctest.TestFibonacciHeap" name="test_DenseWeightedGraph09" time="0"/>
  <testcase classname="net.mooctest.TestFibonacciHeap" name="test_DenseWeightedGraph10" time="0"/>
  <testcase classname="net.mooctest.TestFibonacciHeap" name="test_DenseWeightedGraph11" time="0"/>
  <testcase classname="net.mooctest.TestFibonacciHeap" name="test_DenseWeightedGraph12" time="0"/>
  <testcase classname="net.mooctest.TestFibonacciHeap" name="test" time="0"/>
  <testcase classname="net.mooctest.TestFibonacciHeap" name="test_Arborescence0" time="0"/>
  <testcase classname="net.mooctest.TestFibonacciHeap" name="test_Arborescence1" time="0"/>
  <testcase classname="net.mooctest.TestFibonacciHeap" name="test_Arborescence2" time="0"/>
  <testcase classname="net.mooctest.TestFibonacciHeap" name="test_Arborescence3" time="0"/>
  <testcase classname="net.mooctest.TestFibonacciHeap" name="test_Arborescence4" time="0"/>
  <testcase classname="net.mooctest.TestFibonacciHeap" name="test_Arborescence6" time="0"/>
  <testcase classname="net.mooctest.TestFibonacciHeap" name="test_Arborescence7" time="0"/>
  <testcase classname="net.mooctest.TestFibonacciHeap" name="test_Arborescence8" time="0"/>
  <testcase classname="net.mooctest.TestFibonacciHeap" name="test_SparseWeightedGraph00" time="0.016"/>
  <testcase classname="net.mooctest.TestFibonacciHeap" name="test_SparseWeightedGraph01" time="0"/>
  <testcase classname="net.mooctest.TestFibonacciHeap" name="test_SparseWeightedGraph03" time="0"/>
  <testcase classname="net.mooctest.TestFibonacciHeap" name="test_SparseWeightedGraph04" time="0"/>
  <testcase classname="net.mooctest.TestFibonacciHeap" name="test_SparseWeightedGraph05" time="0"/>
  <testcase classname="net.mooctest.TestFibonacciHeap" name="test_SparseWeightedGraph06" time="0"/>
  <testcase classname="net.mooctest.TestFibonacciHeap" name="test_SparseWeightedGraph09" time="0"/>
  <testcase classname="net.mooctest.TestFibonacciHeap" name="test_SparseWeightedGraph10" time="0"/>
  <testcase classname="net.mooctest.TestFibonacciHeap" name="test_KBestArborescences01" time="0"/>
  <testcase classname="net.mooctest.TestFibonacciHeap" name="test_KBestArborescences02" time="0"/>
  <testcase classname="net.mooctest.TestFibonacciHeap" name="test_KBestArborescences03" time="0"/>
  <testcase classname="net.mooctest.TestFibonacciHeap" name="test_KBestArborescences04" time="0"/>
  <testcase classname="net.mooctest.TestFibonacciHeap" name="test_KBestArborescences06" time="0"/>
  <testcase classname="net.mooctest.TestFibonacciHeap" name="test_KBestArborescences07" time="0"/>
  <testcase classname="net.mooctest.TestFibonacciHeap" name="test_KBestArborescences08" time="0"/>
  <testcase classname="net.mooctest.TestFibonacciHeap" name="test_KBestArborescences10" time="0.016"/>
  <testcase classname="net.mooctest.TestFibonacciHeap" name="test_KBestArborescences11" time="0"/>
  <testcase classname="net.mooctest.TestFibonacciHeap" name="test_KBestArborescences12" time="0"/>
  <testcase classname="net.mooctest.TestFibonacciHeap" name="test_KBestArborescences13" time="0"/>
  <testcase classname="net.mooctest.TestFibonacciHeap" name="test_Pair0" time="0"/>
  <testcase classname="net.mooctest.TestFibonacciHeap" name="test_Pair1" time="0"/>
  <testcase classname="net.mooctest.TestFibonacciHeap" name="test_Pair2" time="0"/>
  <testcase classname="net.mooctest.TestFibonacciHeap" name="test_Pair3" time="0"/>
  <testcase classname="net.mooctest.TestFibonacciHeap" name="test_Pair4" time="0"/>
  <testcase classname="net.mooctest.TestFibonacciHeap" name="test_Pair5" time="0"/>
  <testcase classname="net.mooctest.TestFibonacciHeap" name="test_Pair6" time="0"/>
</testsuite>