<?xml version="1.0" encoding="UTF-8" ?>
<testsuite tests="6" failures="0" name="net.mooctest.TestFibonacciHeap" time="0.305" errors="0" skipped="0">
  <properties>
    <property name="java.runtime.name" value="Java(TM) SE Runtime Environment"/>
    <property name="sun.boot.library.path" value="E:\Java\jdk-1.8.0_181\jdk-1.8.0_181\jre\bin"/>
    <property name="java.vm.version" value="25.181-b13"/>
    <property name="java.vm.vendor" value="Oracle Corporation"/>
    <property name="maven.multiModuleProjectDirectory" value="D:\eclipse_win64"/>
    <property name="java.vendor.url" value="http://java.oracle.com/"/>
    <property name="path.separator" value=";"/>
    <property name="guice.disable.misplaced.annotation.check" value="true"/>
    <property name="java.vm.name" value="Java HotSpot(TM) 64-Bit Server VM"/>
    <property name="file.encoding.pkg" value="sun.io"/>
    <property name="user.script" value=""/>
    <property name="user.country" value="CN"/>
    <property name="sun.java.launcher" value="SUN_STANDARD"/>
    <property name="sun.os.patch.level" value=""/>
    <property name="java.vm.specification.name" value="Java Virtual Machine Specification"/>
    <property name="user.dir" value="D:\eclipse_win64"/>
    <property name="java.runtime.version" value="1.8.0_181-b13"/>
    <property name="java.awt.graphicsenv" value="sun.awt.Win32GraphicsEnvironment"/>
    <property name="java.endorsed.dirs" value="E:\Java\jdk-1.8.0_181\jdk-1.8.0_181\jre\lib\endorsed"/>
    <property name="os.arch" value="amd64"/>
    <property name="java.io.tmpdir" value="C:\Users\MyPC\AppData\Local\Temp\"/>
    <property name="line.separator" value="
"/>
    <property name="java.vm.specification.vendor" value="Oracle Corporation"/>
    <property name="user.variant" value=""/>
    <property name="os.name" value="Windows 10"/>
    <property name="classworlds.conf" value="D:\Program Files\apache-maven-3.6.1\bin\..\bin\m2.conf"/>
    <property name="sun.jnu.encoding" value="GBK"/>
    <property name="java.library.path" value="E:\Java\jdk-1.8.0_181\jdk-1.8.0_181\bin;C:\Windows\Sun\Java\bin;C:\Windows\system32;C:\Windows;E:/Java/jdk-1.8.0_181/jdk-1.8.0_181/bin/../jre/bin/server;E:/Java/jdk-1.8.0_181/jdk-1.8.0_181/bin/../jre/bin;E:/Java/jdk-1.8.0_181/jdk-1.8.0_181/bin/../jre/lib/amd64;C:\Windows\system32;C:\Windows;C:\Windows\System32\Wbem;C:\Windows\System32\WindowsPowerShell\v1.0\;E:\Java\jdk-1.8.0_181\jdk-1.8.0_181\bin;D:\Program Files\apache-maven-3.6.1\bin;C:\Program Files\MySQL\MySQL Server 8.0\bin;E:\软件测试\性能测试\apache-jmeter-5.2\apache-jmeter-5.2\bin;C:\Users\MyPC\AppData\Local\Microsoft\WindowsApps;;D:\eclipse_win64;;."/>
    <property name="maven.conf" value="D:\Program Files\apache-maven-3.6.1\bin\../conf"/>
    <property name="java.specification.name" value="Java Platform API Specification"/>
    <property name="java.class.version" value="52.0"/>
    <property name="sun.management.compiler" value="HotSpot 64-Bit Tiered Compilers"/>
    <property name="os.version" value="10.0"/>
    <property name="library.jansi.path" value="D:\Program Files\apache-maven-3.6.1\bin\..\lib\jansi-native"/>
    <property name="user.home" value="C:\Users\MyPC"/>
    <property name="user.timezone" value="Asia/Shanghai"/>
    <property name="java.awt.printerjob" value="sun.awt.windows.WPrinterJob"/>
    <property name="java.specification.version" value="1.8"/>
    <property name="file.encoding" value="GBK"/>
    <property name="user.name" value="MyPC"/>
    <property name="java.class.path" value="D:\Program Files\apache-maven-3.6.1\bin\..\boot\plexus-classworlds-2.6.0.jar"/>
    <property name="java.vm.specification.version" value="1.8"/>
    <property name="sun.arch.data.model" value="64"/>
    <property name="java.home" value="E:\Java\jdk-1.8.0_181\jdk-1.8.0_181\jre"/>
    <property name="sun.java.command" value="org.codehaus.plexus.classworlds.launcher.Launcher -file C:/mooctest/projects/3933/52086/Tarjan -s C:/mooctest/projects/3933/52086/Tarjan\.mvn\settings.xml test cn.edu.nju:mcnode-maven-plugin:result"/>
    <property name="java.specification.vendor" value="Oracle Corporation"/>
    <property name="user.language" value="zh"/>
    <property name="awt.toolkit" value="sun.awt.windows.WToolkit"/>
    <property name="java.vm.info" value="mixed mode"/>
    <property name="java.version" value="1.8.0_181"/>
    <property name="java.ext.dirs" value="E:\Java\jdk-1.8.0_181\jdk-1.8.0_181\jre\lib\ext;C:\Windows\Sun\Java\lib\ext"/>
    <property name="sun.boot.class.path" value="E:\Java\jdk-1.8.0_181\jdk-1.8.0_181\jre\lib\resources.jar;E:\Java\jdk-1.8.0_181\jdk-1.8.0_181\jre\lib\rt.jar;E:\Java\jdk-1.8.0_181\jdk-1.8.0_181\jre\lib\sunrsasign.jar;E:\Java\jdk-1.8.0_181\jdk-1.8.0_181\jre\lib\jsse.jar;E:\Java\jdk-1.8.0_181\jdk-1.8.0_181\jre\lib\jce.jar;E:\Java\jdk-1.8.0_181\jdk-1.8.0_181\jre\lib\charsets.jar;E:\Java\jdk-1.8.0_181\jdk-1.8.0_181\jre\lib\jfr.jar;E:\Java\jdk-1.8.0_181\jdk-1.8.0_181\jre\classes"/>
    <property name="java.vendor" value="Oracle Corporation"/>
    <property name="maven.home" value="D:\Program Files\apache-maven-3.6.1\bin\.."/>
    <property name="file.separator" value="\"/>
    <property name="java.vendor.url.bug" value="http://bugreport.sun.com/bugreport/"/>
    <property name="sun.cpu.endian" value="little"/>
    <property name="sun.io.unicode.encoding" value="UnicodeLittle"/>
    <property name="sun.desktop" value="windows"/>
    <property name="sun.cpu.isalist" value="amd64"/>
  </properties>
  <testcase classname="net.mooctest.TestFibonacciHeap" name="testExclusiveEdge" time="0.07"/>
  <testcase classname="net.mooctest.TestFibonacciHeap" name="testEdge" time="0.112"/>
  <testcase classname="net.mooctest.TestFibonacciHeap" name="testPartition" time="0.07"/>
  <testcase classname="net.mooctest.TestFibonacciHeap" name="testDenseWeightedGraph" time="0.032"/>
  <testcase classname="net.mooctest.TestFibonacciHeap" name="test" time="0.003"/>
  <testcase classname="net.mooctest.TestFibonacciHeap" name="testWeighted" time="0.018"/>
</testsuite>