<?xml version="1.0" encoding="UTF-8" ?>
<testsuite tests="11" failures="0" name="net.mooctest.SparseWeightedGraph_ESTest" time="0.022" errors="0" skipped="0">
  <properties>
    <property name="java.runtime.name" value="Java(TM) SE Runtime Environment"/>
    <property name="sun.boot.library.path" value="C:\Program Files\Java\jdk1.8.0_191\jre\bin"/>
    <property name="java.vm.version" value="25.191-b12"/>
    <property name="java.vm.vendor" value="Oracle Corporation"/>
    <property name="maven.multiModuleProjectDirectory" value="C:\Users\34494\Desktop\go"/>
    <property name="java.vendor.url" value="http://java.oracle.com/"/>
    <property name="path.separator" value=";"/>
    <property name="guice.disable.misplaced.annotation.check" value="true"/>
    <property name="java.vm.name" value="Java HotSpot(TM) 64-Bit Server VM"/>
    <property name="file.encoding.pkg" value="sun.io"/>
    <property name="user.script" value=""/>
    <property name="user.country" value="CN"/>
    <property name="sun.java.launcher" value="SUN_STANDARD"/>
    <property name="sun.os.patch.level" value=""/>
    <property name="java.vm.specification.name" value="Java Virtual Machine Specification"/>
    <property name="user.dir" value="C:\Users\34494\Desktop\go"/>
    <property name="java.runtime.version" value="1.8.0_191-b12"/>
    <property name="java.awt.graphicsenv" value="sun.awt.Win32GraphicsEnvironment"/>
    <property name="java.endorsed.dirs" value="C:\Program Files\Java\jdk1.8.0_191\jre\lib\endorsed"/>
    <property name="os.arch" value="amd64"/>
    <property name="java.io.tmpdir" value="C:\Users\34494\AppData\Local\Temp\"/>
    <property name="line.separator" value="
"/>
    <property name="java.vm.specification.vendor" value="Oracle Corporation"/>
    <property name="user.variant" value=""/>
    <property name="os.name" value="Windows 10"/>
    <property name="classworlds.conf" value="D:\program\apache-maven-3.6.0\bin\..\bin\m2.conf"/>
    <property name="sun.jnu.encoding" value="GBK"/>
    <property name="java.library.path" value="C:\Program Files\Java\jdk1.8.0_191\bin;C:\WINDOWS\Sun\Java\bin;C:\WINDOWS\system32;C:\WINDOWS;D:\Anaconda\condabin;C:/Program Files/Java/jdk1.8.0_191/bin/../jre/bin/server;C:/Program Files/Java/jdk1.8.0_191/bin/../jre/bin;C:/Program Files/Java/jdk1.8.0_191/bin/../jre/lib/amd64;d:\Program Files\ImageMagick-7.0.8-Q16;C:\Program Files\NVIDIA GPU Computing Toolkit\CUDA\v9.2\bin;C:\Program Files\NVIDIA GPU Computing Toolkit\CUDA\v9.2\libnvvp;D:\CUDA\bin;D:\CUDA\libnvvp;C:\adb;C:\ProgramData\Oracle\Java;C:\Program Files\MacType;C:\Users\34494\.dnx\bin;C:\Program Files\Microsoft DNX\Dnvm\;C:\WINDOWS\system32;C:\WINDOWS;C:\WINDOWS\System32\Wbem;C:\WINDOWS\System32\WindowsPowerShell\v1.0\;C:\Program Files (x86)\JAVA\jdk1.6.0_45\bin;C:\Program Files (x86)\JAVA\jdk1.6.0_45\jre\bin;C:\Program Files\Intel\WiFi\bin\;C:\Program Files\Common Files\Intel\WirelessCommon\;C:\WINDOWS\System32\OpenSSH\;D:\Anaconda\Scripts;D:\Anaconda;D:web\mysql-8.0.12-winx64\bin;C:\phpStudy\PHPTutorial\php;C:\phpStudy\PHPTutorial\php\php-7.2.1-nts;C:\masm32\bin;D:\program\MATLAB\R2017b\runtime\win64;D:\program\MATLAB\R2017b\bin;C:\Program Files (x86)\NVIDIA Corporation\PhysX\Common;C:\Program Files (x86)\Graphviz2.38\bin;C:\WINDOWS\system32;C:\WINDOWS;C:\WINDOWS\System32\Wbem;C:\WINDOWS\System32\WindowsPowerShell\v1.0\;C:\WINDOWS\System32\OpenSSH\;D:\program\vim\vim81;C:\Program Files\Java\jdk1.8.0_191\bin;D:\program\opencv\opencv\build\x64\vc14\bin;C:\ProgramData\chocolatey\bin;D:\Program Files\node-v6.9.4-win-x64;_C:\MinGW\mingw32\bin;_C:\MinGW\bin;C:\Program Files\TortoiseGit\bin;D:\program\apache-maven-3.6.0\bin;D:\Program Files\mingw64\bin;D:\Program Files\mingw64;D:\workspace\RSAPI_NAVITIVE;D:\lib;D:\workspace\IDEA_project\core\src\main\resources\libraries;D:\workspace\rs\std-base-mod-master\mod_windows\bin;D:\workspace\rs\std-base-mod-master\mod_windows\bin\hl_dytob;D:\program\apache-tomcat-8.5.45\bin;D:\Program Files\R\R-3.6.1\bin;D:\Program Files\CMake\bin;D:\Program Files (x86)\Appium\node_modules\.bin;D:\program\Android\SDK\tools;D:\program\Android\SDK\platform-tools;C:\Program Files\Git\bin——————;D:\Anaconda;D:\Anaconda\Library\mingw-w64\bin;D:\Anaconda\Library\usr\bin;D:\Anaconda\Library\bin;D:\Anaconda\Scripts;C:\Python27;C:\Python27\Scripts;C:\Users\34494\Anaconda\Library\mingw-w64\bin;C:\Users\34494\Anaconda\Library\usr\bin;C:\Users\34494\Anaconda\Library\bin;C:\Users\34494\Anaconda\Scripts;C:\Users\34494\AppData\Local\Microsoft\WindowsApps;C:\adb;C:\MinGW\bin;C:\masm32\bin;C:\Users\34494\AppData\Local\Microsoft\WindowsApps;d:\Program Files\JetBrains\IntelliJ IDEA 2018.3.1\bin;d:\Program Files\JetBrains\WebStorm 2018.3.4\bin;C:\Users\34494\AppData\Roaming\npm;D:\Program\Microsoft VS Code\bin;C:\Program Files (x86)\IDM Computer Solutions\UltraCompare\;d:\Program Files\JetBrains\CLion 2019.2.1\bin;;C:\Users\34494\Desktop\go;;."/>
    <property name="maven.conf" value="D:\program\apache-maven-3.6.0\bin\../conf"/>
    <property name="java.specification.name" value="Java Platform API Specification"/>
    <property name="java.class.version" value="52.0"/>
    <property name="sun.management.compiler" value="HotSpot 64-Bit Tiered Compilers"/>
    <property name="os.version" value="10.0"/>
    <property name="library.jansi.path" value="D:\program\apache-maven-3.6.0\bin\..\lib\jansi-native"/>
    <property name="user.home" value="C:\Users\34494"/>
    <property name="user.timezone" value="Asia/Shanghai"/>
    <property name="java.awt.printerjob" value="sun.awt.windows.WPrinterJob"/>
    <property name="java.specification.version" value="1.8"/>
    <property name="file.encoding" value="GBK"/>
    <property name="user.name" value="34494"/>
    <property name="java.class.path" value="D:\program\apache-maven-3.6.0\bin\..\boot\plexus-classworlds-2.5.2.jar"/>
    <property name="java.vm.specification.version" value="1.8"/>
    <property name="sun.arch.data.model" value="64"/>
    <property name="java.home" value="C:\Program Files\Java\jdk1.8.0_191\jre"/>
    <property name="sun.java.command" value="org.codehaus.plexus.classworlds.launcher.Launcher -file C:/mooctest/projects/3933/56329/Tarjan -s C:/mooctest/projects/3933/56329/Tarjan\.mvn\settings.xml test cn.edu.nju:mcnode-maven-plugin:result"/>
    <property name="java.specification.vendor" value="Oracle Corporation"/>
    <property name="user.language" value="zh"/>
    <property name="awt.toolkit" value="sun.awt.windows.WToolkit"/>
    <property name="java.vm.info" value="mixed mode"/>
    <property name="java.version" value="1.8.0_191"/>
    <property name="java.ext.dirs" value="C:\Program Files\Java\jdk1.8.0_191\jre\lib\ext;C:\WINDOWS\Sun\Java\lib\ext"/>
    <property name="sun.boot.class.path" value="C:\Program Files\Java\jdk1.8.0_191\jre\lib\resources.jar;C:\Program Files\Java\jdk1.8.0_191\jre\lib\rt.jar;C:\Program Files\Java\jdk1.8.0_191\jre\lib\sunrsasign.jar;C:\Program Files\Java\jdk1.8.0_191\jre\lib\jsse.jar;C:\Program Files\Java\jdk1.8.0_191\jre\lib\jce.jar;C:\Program Files\Java\jdk1.8.0_191\jre\lib\charsets.jar;C:\Program Files\Java\jdk1.8.0_191\jre\lib\jfr.jar;C:\Program Files\Java\jdk1.8.0_191\jre\classes"/>
    <property name="java.vendor" value="Oracle Corporation"/>
    <property name="maven.home" value="D:\program\apache-maven-3.6.0\bin\.."/>
    <property name="file.separator" value="\"/>
    <property name="java.vendor.url.bug" value="http://bugreport.sun.com/bugreport/"/>
    <property name="sun.cpu.endian" value="little"/>
    <property name="sun.io.unicode.encoding" value="UnicodeLittle"/>
    <property name="sun.desktop" value="windows"/>
    <property name="sun.cpu.isalist" value="amd64"/>
  </properties>
  <testcase classname="net.mooctest.SparseWeightedGraph_ESTest" name="test8fa1b1d0_38d0_4eb0_8302_903e91fad96305" time="0"/>
  <testcase classname="net.mooctest.SparseWeightedGraph_ESTest" name="test9ce09070_cde9_416f_8e0d_0ad45d3f161d06" time="0.002"/>
  <testcase classname="net.mooctest.SparseWeightedGraph_ESTest" name="test903e4d40_8950_4ed3_b2d3_bf5e3df4343702" time="0.011"/>
  <testcase classname="net.mooctest.SparseWeightedGraph_ESTest" name="testfe0ce4fa_145b_49ca_8dfe_f27099e6a58c07" time="0"/>
  <testcase classname="net.mooctest.SparseWeightedGraph_ESTest" name="test13377be2_a662_45ab_a8d4_c44a324015ac10" time="0"/>
  <testcase classname="net.mooctest.SparseWeightedGraph_ESTest" name="test9f40fe82_5309_4e2f_944a_902bc08f29d201" time="0.005"/>
  <testcase classname="net.mooctest.SparseWeightedGraph_ESTest" name="test83c7a305_9a67_4123_8731_aead98725f4b04" time="0"/>
  <testcase classname="net.mooctest.SparseWeightedGraph_ESTest" name="testb79bcd82_5ab1_46d0_867d_b9da1039667403" time="0.002"/>
  <testcase classname="net.mooctest.SparseWeightedGraph_ESTest" name="test492f8cc2_50ee_44c7_8ee2_8c96ec514b1708" time="0"/>
  <testcase classname="net.mooctest.SparseWeightedGraph_ESTest" name="testb1aa59ef_b908_4f50_bdb7_3535108663db09" time="0.001"/>
  <testcase classname="net.mooctest.SparseWeightedGraph_ESTest" name="testc5182ec8_8a6e_4565_b881_f321a557d0e100" time="0.001"/>
</testsuite>